<?xml version="1.0" encoding="UTF-8"?>
<!-- Generated by org.testng.reporters.JUnitReportReporter -->
<testsuite hostname="DESKTOP-24KGKE7" name="Baidu.BaiduTest2" tests="1" failures="0" timestamp="23 Jan 2022 08:19:42 GMT" time="14.901" errors="0">
  <testcase name="atest" time="14.901" classname="Baidu.BaiduTest2"/>
</testsuite> <!-- Baidu.BaiduTest2 -->
