<?xml version="1.0" encoding="UTF-8"?>
<!-- Generated by org.testng.reporters.JUnitReportReporter -->
<testsuite hostname="DESKTOP-24KGKE7" name="Baidu.MyHttpClient" tests="3" failures="0" timestamp="13 Feb 2022 06:13:11 GMT" time="1.564" errors="0">
  <testcase name="ctest" time="0.265" classname="Baidu.MyHttpClient"/>
  <testcase name="btest" time="0.518" classname="Baidu.MyHttpClient"/>
  <testcase name="atest" time="0.781" classname="Baidu.MyHttpClient"/>
</testsuite> <!-- Baidu.MyHttpClient -->
